E_Cattle_Employee/app/build/intermediates/manifest_merge_blame_file/debug/manifest-merger-blame-debug-report.txt
1<?xml version="1.0" encoding="utf-8"?>
2<manifest xmlns:android="http://schemas.android.com/apk/res/android"
3    package="com.example.e_cattle_employee"
4    android:versionCode="1"
5    android:versionName="1.0" >
6
7    <uses-sdk
8        android:minSdkVersion="18"
8-->src\main\AndroidManifest.xml
9        android:targetSdkVersion="29" />
9-->src\main\AndroidManifest.xml
10
11    <!--
12         The ACCESS_COARSE/FINE_LOCATION permissions are not required to use
13         Google Maps Android API v2, but you must specify either coarse or fine
14         location permissions for the 'MyLocation' functionality.
15    -->
16    <uses-permission android:name="android.permission.ACCESS_FINE_LOCATION" />
16-->src\main\AndroidManifest.xml:10:5-79
16-->src\main\AndroidManifest.xml:10:22-76
17    <uses-permission android:name="android.permission.CAMERA" />
17-->src\main\AndroidManifest.xml:11:5-65
17-->src\main\AndroidManifest.xml:11:22-62
18    <uses-permission android:name="android.permission.SEND_SMS" />
18-->src\main\AndroidManifest.xml:12:5-67
18-->src\main\AndroidManifest.xml:12:22-64
19    <uses-permission android:name="android.permission.ACCESS_COARSE_LOCATION" />
19-->src\main\AndroidManifest.xml:13:5-81
19-->src\main\AndroidManifest.xml:13:22-78
20    <uses-permission android:name="android.permission.INTERNET" />
20-->src\main\AndroidManifest.xml:14:5-67
20-->src\main\AndroidManifest.xml:14:22-64
21    <uses-permission android:name="android.permission.ACCESS_NETWORK_STATE" />
21-->src\main\AndroidManifest.xml:15:5-79
21-->src\main\AndroidManifest.xml:15:22-76
22
23    <uses-feature
23-->[com.google.android.gms:play-services-maps:17.0.0] AndroidManifest.xml:26:5-28:35
24        android:glEsVersion="0x00020000"
24-->[com.google.android.gms:play-services-maps:17.0.0] AndroidManifest.xml:27:9-41
25        android:required="true" />
25-->[com.google.android.gms:play-services-maps:17.0.0] AndroidManifest.xml:28:9-32
26
27    <application
27-->src\main\AndroidManifest.xml:17:5-66:19
28        android:allowBackup="true"
28-->src\main\AndroidManifest.xml:18:9-35
29        android:appComponentFactory="androidx.core.app.CoreComponentFactory"
29-->[androidx.core:core:1.1.0] AndroidManifest.xml:24:18-86
30        android:debuggable="true"
31        android:icon="@mipmap/ic_launcher"
31-->src\main\AndroidManifest.xml:19:9-43
32        android:label="@string/app_name"
32-->src\main\AndroidManifest.xml:20:9-41
33        android:roundIcon="@mipmap/ic_launcher_round"
33-->src\main\AndroidManifest.xml:21:9-54
34        android:supportsRtl="true"
34-->src\main\AndroidManifest.xml:22:9-35
35        android:theme="@style/AppTheme" >
35-->src\main\AndroidManifest.xml:23:9-40
36
37        <!--
38             The API key for Google Maps-based APIs is defined as a string resource.
39             (See the file "res/values/google_maps_api.xml").
40             Note that the API key is linked to the encryption key used to sign the APK.
41             You need a different API key for each encryption key, including the release key that is used to
42             sign the APK for publishing.
43             You can define the keys for the debug and release targets in src/debug/ and src/release/.
44        -->
45        <meta-data
45-->src\main\AndroidManifest.xml:33:9-35:55
46            android:name="com.google.android.geo.API_KEY"
46-->src\main\AndroidManifest.xml:34:13-58
47            android:value="@string/google_maps_key" />
47-->src\main\AndroidManifest.xml:35:13-52
48
49        <activity
49-->src\main\AndroidManifest.xml:37:9-39:74
50            android:name="com.example.e_cattle_employee.MapAnimal"
50-->src\main\AndroidManifest.xml:38:13-38
51            android:label="@string/title_activity_map_animal" />
51-->src\main\AndroidManifest.xml:39:13-62
52        <activity
52-->src\main\AndroidManifest.xml:40:9-41:57
53            android:name="com.example.e_cattle_employee.IncompleteReports"
53-->src\main\AndroidManifest.xml:40:19-52
54            android:parentActivityName="com.example.e_cattle_employee.SelectReport" />
54-->src\main\AndroidManifest.xml:41:13-55
55        <activity
55-->src\main\AndroidManifest.xml:42:9-43:59
56            android:name="com.example.e_cattle_employee.FindAnimal"
56-->src\main\AndroidManifest.xml:42:19-45
57            android:parentActivityName="com.example.e_cattle_employee.OnGoingReports" />
57-->src\main\AndroidManifest.xml:43:13-57
58        <activity
58-->src\main\AndroidManifest.xml:44:9-45:59
59            android:name="com.example.e_cattle_employee.OwnerDetails"
59-->src\main\AndroidManifest.xml:44:19-47
60            android:parentActivityName="com.example.e_cattle_employee.OnGoingReports" />
60-->src\main\AndroidManifest.xml:45:13-57
61        <activity
61-->src\main\AndroidManifest.xml:46:9-47:55
62            android:name="com.example.e_cattle_employee.SigleReport"
62-->src\main\AndroidManifest.xml:46:19-46
63            android:parentActivityName="com.example.e_cattle_employee.ReportView" />
63-->src\main\AndroidManifest.xml:47:13-53
64        <activity android:name="com.example.e_cattle_employee.SelectReport" />
64-->src\main\AndroidManifest.xml:48:9-50
64-->src\main\AndroidManifest.xml:48:19-47
65        <activity
65-->src\main\AndroidManifest.xml:49:9-50:57
66            android:name="com.example.e_cattle_employee.OnGoingReports"
66-->src\main\AndroidManifest.xml:49:19-49
67            android:parentActivityName="com.example.e_cattle_employee.SelectReport" />
67-->src\main\AndroidManifest.xml:50:13-55
68        <activity
68-->src\main\AndroidManifest.xml:51:9-52:57
69            android:name="com.example.e_cattle_employee.CompletedReports"
69-->src\main\AndroidManifest.xml:51:19-51
70            android:parentActivityName="com.example.e_cattle_employee.SelectReport" />
70-->src\main\AndroidManifest.xml:52:13-55
71        <activity
71-->src\main\AndroidManifest.xml:53:9-54:57
72            android:name="com.example.e_cattle_employee.ReportView"
72-->src\main\AndroidManifest.xml:53:19-45
73            android:parentActivityName="com.example.e_cattle_employee.SelectReport" />
73-->src\main\AndroidManifest.xml:54:13-55
74        <activity
74-->src\main\AndroidManifest.xml:55:9-56:59
75            android:name="com.example.e_cattle_employee.TagId"
75-->src\main\AndroidManifest.xml:55:19-40
76            android:parentActivityName="com.example.e_cattle_employee.OnGoingReports" />
76-->src\main\AndroidManifest.xml:56:13-57
77        <activity android:name="com.example.e_cattle_employee.Register" />
77-->src\main\AndroidManifest.xml:57:9-46
77-->src\main\AndroidManifest.xml:57:19-43
78        <activity android:name="com.example.e_cattle_employee.MainActivity" >
78-->src\main\AndroidManifest.xml:59:9-65:20
78-->src\main\AndroidManifest.xml:59:19-47
79            <intent-filter>
79-->src\main\AndroidManifest.xml:60:13-64:29
80                <action android:name="android.intent.action.MAIN" />
80-->src\main\AndroidManifest.xml:61:17-69
80-->src\main\AndroidManifest.xml:61:25-66
81
82                <category android:name="android.intent.category.LAUNCHER" />
82-->src\main\AndroidManifest.xml:63:17-77
82-->src\main\AndroidManifest.xml:63:27-74
83            </intent-filter>
84        </activity>
85        <!-- Needs to be explicitly declared on P+ -->
86        <uses-library
86-->[com.google.android.gms:play-services-maps:17.0.0] AndroidManifest.xml:33:9-35:40
87            android:name="org.apache.http.legacy"
87-->[com.google.android.gms:play-services-maps:17.0.0] AndroidManifest.xml:34:13-50
88            android:required="false" />
88-->[com.google.android.gms:play-services-maps:17.0.0] AndroidManifest.xml:35:13-37
89
90        <service
90-->[com.google.firebase:firebase-database:19.2.0] AndroidManifest.xml:29:9-35:19
91            android:name="com.google.firebase.components.ComponentDiscoveryService"
91-->[com.google.firebase:firebase-database:19.2.0] AndroidManifest.xml:30:13-84
92            android:directBootAware="true"
92-->[com.google.firebase:firebase-common:19.3.0] AndroidManifest.xml:34:13-43
93            android:exported="false" >
93-->[com.google.firebase:firebase-database:19.2.0] AndroidManifest.xml:31:13-37
94            <meta-data
94-->[com.google.firebase:firebase-database:19.2.0] AndroidManifest.xml:32:13-34:85
95                android:name="com.google.firebase.components:com.google.firebase.database.DatabaseRegistrar"
95-->[com.google.firebase:firebase-database:19.2.0] AndroidManifest.xml:33:17-109
96                android:value="com.google.firebase.components.ComponentRegistrar" />
96-->[com.google.firebase:firebase-database:19.2.0] AndroidManifest.xml:34:17-82
97            <meta-data
97-->[com.google.firebase:firebase-auth:19.2.0] AndroidManifest.xml:36:13-38:85
98                android:name="com.google.firebase.components:com.google.firebase.auth.FirebaseAuthRegistrar"
98-->[com.google.firebase:firebase-auth:19.2.0] AndroidManifest.xml:37:17-109
99                android:value="com.google.firebase.components.ComponentRegistrar" />
99-->[com.google.firebase:firebase-auth:19.2.0] AndroidManifest.xml:38:17-82
100            <meta-data
100-->[com.google.firebase:firebase-storage:19.1.0] AndroidManifest.xml:33:13-35:85
101                android:name="com.google.firebase.components:com.google.firebase.storage.StorageRegistrar"
101-->[com.google.firebase:firebase-storage:19.1.0] AndroidManifest.xml:34:17-107
102                android:value="com.google.firebase.components.ComponentRegistrar" />
102-->[com.google.firebase:firebase-storage:19.1.0] AndroidManifest.xml:35:17-82
103        </service>
104
105        <activity
105-->[com.google.firebase:firebase-auth:19.2.0] AndroidManifest.xml:24:9-31:50
106            android:name="com.google.firebase.auth.internal.FederatedSignInActivity"
106-->[com.google.firebase:firebase-auth:19.2.0] AndroidManifest.xml:25:13-85
107            android:excludeFromRecents="true"
107-->[com.google.firebase:firebase-auth:19.2.0] AndroidManifest.xml:26:13-46
108            android:exported="true"
108-->[com.google.firebase:firebase-auth:19.2.0] AndroidManifest.xml:27:13-36
109            android:launchMode="singleTask"
109-->[com.google.firebase:firebase-auth:19.2.0] AndroidManifest.xml:28:13-44
110            android:permission="com.google.firebase.auth.api.gms.permission.LAUNCH_FEDERATED_SIGN_IN"
110-->[com.google.firebase:firebase-auth:19.2.0] AndroidManifest.xml:29:13-102
111            android:theme="@android:style/Theme.Translucent.NoTitleBar" />
111-->[com.google.firebase:firebase-auth:19.2.0] AndroidManifest.xml:30:13-72
112
113        <provider
113-->[com.squareup.picasso:picasso:2.71828] AndroidManifest.xml:8:9-11:40
114            android:name="com.squareup.picasso.PicassoProvider"
114-->[com.squareup.picasso:picasso:2.71828] AndroidManifest.xml:9:13-64
115            android:authorities="com.example.e_cattle_employee.com.squareup.picasso"
115-->[com.squareup.picasso:picasso:2.71828] AndroidManifest.xml:10:13-72
116            android:exported="false" />
116-->[com.squareup.picasso:picasso:2.71828] AndroidManifest.xml:11:13-37
117
118        <activity
118-->[com.google.android.gms:play-services-base:17.1.0] AndroidManifest.xml:23:9-26:75
119            android:name="com.google.android.gms.common.api.GoogleApiActivity"
119-->[com.google.android.gms:play-services-base:17.1.0] AndroidManifest.xml:24:13-79
120            android:exported="false"
120-->[com.google.android.gms:play-services-base:17.1.0] AndroidManifest.xml:25:13-37
121            android:theme="@android:style/Theme.Translucent.NoTitleBar" />
121-->[com.google.android.gms:play-services-base:17.1.0] AndroidManifest.xml:26:13-72
122
123        <provider
123-->[com.google.firebase:firebase-common:19.3.0] AndroidManifest.xml:26:9-30:39
124            android:name="com.google.firebase.provider.FirebaseInitProvider"
124-->[com.google.firebase:firebase-common:19.3.0] AndroidManifest.xml:27:13-77
125            android:authorities="com.example.e_cattle_employee.firebaseinitprovider"
125-->[com.google.firebase:firebase-common:19.3.0] AndroidManifest.xml:28:13-72
126            android:exported="false"
126-->[com.google.firebase:firebase-common:19.3.0] AndroidManifest.xml:29:13-37
127            android:initOrder="100" />
127-->[com.google.firebase:firebase-common:19.3.0] AndroidManifest.xml:30:13-36
128
129        <meta-data
129-->[com.google.android.gms:play-services-basement:17.0.0] AndroidManifest.xml:23:9-25:69
130            android:name="com.google.android.gms.version"
130-->[com.google.android.gms:play-services-basement:17.0.0] AndroidManifest.xml:24:13-58
131            android:value="@integer/google_play_services_version" />
131-->[com.google.android.gms:play-services-basement:17.0.0] AndroidManifest.xml:25:13-66
132    </application>
133
134</manifest>